Arguments: 
  C:\Program Files\nodejs\node.exe C:\Users\William\AppData\Roaming\npm\node_modules\yarn\bin\yarn.js install

PATH: 
  C:\bin\cmder\bin;C:\bin\cmder\vendor\git-for-windows\cmd;C:\bin\cmder\vendor\conemu-maximus5\ConEmu\Scripts;C:\bin\cmder\vendor\conemu-maximus5;C:\bin\cmder\vendor\conemu-maximus5\ConEmu;C:\ProgramData\Oracle\Java\javapath;C:\Windows\system32;C:\Windows;C:\Windows\System32\Wbem;C:\Windows\System32\WindowsPowerShell\v1.0\;C:\Program Files (x86)\AMD\ATI.ACE\Core-Static;C:\Program Files\dotnet\;C:\Program Files\Microsoft SQL Server\130\Tools\Binn\;C:\Program Files\PuTTY\;C:\Program Files\Microsoft VS Code\bin;C:\bin\php;C:\bin\composer;C:\Program Files\MySQL\MySQL Server 8.0\bin;C:\Program Files (x86)\LINQPad5;C:\Program Files\nodejs\;C:\Users\William\AppData\Roaming\Composer\vendor\bin;C:\Program Files\MySQL\MySQL Server 8.0\bin;C:\bin\flutter\bin;C:\Program Files\PostgreSQL\9.5\bin;C:\Users\William\AppData\Roaming\npm;C:\bin\cmder\vendor\git-for-windows\cmd;C:\bin\cmder\vendor\git-for-windows\mingw64;C:\bin\cmder\vendor\git-for-windows\usr\bin;C:\bin\cmder

Yarn version: 
  1.12.1

Node version: 
  10.13.0

Platform: 
  win32 x64

Trace: 
  Error: EPERM: operation not permitted, copyfile 'C:\Users\William\AppData\Local\Yarn\Cache\v3\npm-consolidate-0.15.1-21ab043235c71a07d45d9aad98593b0dba56bab7\node_modules\consolidate\index.js' -> 'C:\Users\William\source\core\vide\node_modules\consolidate\index.js'

npm manifest: 
  {
    "name": "vide",
    "version": "1.0.0",
    "description": "",
    "main": "main.js",
    "scripts": {
      "start": "webpack",
      "dev": "webpack-dev-server --hot",
      "build": "cross-env NODE_ENV=production webpack"
    },
    "keywords": [],
    "author": "",
    "license": "ISC",
    "dependencies": {
      "css-loader": "^1.0.1",
      "node-sass": "^4.9.4",
      "sass-loader": "^7.1.0",
      "vue": "^2.5.17",
      "vue-router": "^3.0.1",
      "vue-style-loader": "^4.1.2"
    },
    "devDependencies": {
      "cross-env": "^5.2.0",
      "vue-loader": "^15.4.2",
      "vue-template-compiler": "^2.5.17",
      "webpack": "^4.23.1",
      "webpack-cli": "^3.1.2",
      "webpack-dev-server": "^3.1.10"
    }
  }

yarn manifest: 
  No manifest

Lockfile: 
  No lockfile
